--progress is a global compose flag, better use `docker compose --progress xx build ...
 Image cobol-kafka-bank-bridge Building 
#1 [internal] load local bake definitions
#1 reading from stdin 557B done
#1 DONE 0.0s

#2 [internal] load build definition from Dockerfile
#2 transferring dockerfile:
#2 transferring dockerfile: 1.15kB done
#2 DONE 2.9s

#3 [internal] load metadata for docker.io/library/python:3.12-slim
#3 DONE 2.6s

#4 [internal] load .dockerignore
#4 transferring context:
#4 transferring context: 83B 0.1s done
#4 DONE 2.7s
Dockerfile:21

--------------------

  19 |     RUN pip install --no-cache-dir kafka-python

  20 |     COPY bridge/bridge.py /app/bridge.py

  21 | >>> COPY bridge/requirements.txt /app/requirements.txt 2>/dev/null || echo "sin requirements"

  22 |     

  23 |     # Crear directorios de datos

--------------------

failed to solve: failed to process "\"sin": unexpected end of statement while looking for matching double-quote

